<?xml version="1.0" encoding="UTF-8"?>
<!-- Generated by org.testng.reporters.JUnitXMLReporter -->
<testsuite ignored="0" hostname="7F6808" failures="0" tests="3" name="SeleniumMaven" time="80.197" errors="0" timestamp="2022-11-29T09:57:17 CST">
  <testcase classname="Bai9SetupTestNG.RunTestold" name="createPermission" time="28.95"/>
  <testcase classname="Bai9SetupTestNG.RunTestold" name="deletePermission" time="23.435"/>
  <testcase classname="Bai9SetupTestNG.RunTestold" name="loginSalary" time="16.576"/>
</testsuite> <!-- SeleniumMaven -->
