<?xml version="1.0" encoding="UTF-8"?>
<testng-results ignored="0" total="3" passed="3" failed="0" skipped="0">
  <reporter-output>
  </reporter-output>
  <suite started-at="2022-11-29T09:55:57 CST" name="Default Suite" finished-at="2022-11-29T09:57:17 CST" duration-ms="80197">
    <groups>
    </groups>
    <test started-at="2022-11-29T09:55:57 CST" name="SeleniumMaven" finished-at="2022-11-29T09:57:17 CST" duration-ms="80197">
      <class name="Bai9SetupTestNG.RunTestold">
        <test-method is-config="true" signature="createDriver()[pri:0, instance:Bai9SetupTestNG.RunTestold@6b19b79]" started-at="2022-11-29T09:55:57 CST" name="createDriver" finished-at="2022-11-29T09:56:00 CST" duration-ms="3251" status="PASS">
          <reporter-output>
          </reporter-output>
        </test-method> <!-- createDriver -->
        <test-method signature="createPermission()[pri:0, instance:Bai9SetupTestNG.RunTestold@6b19b79]" started-at="2022-11-29T09:56:00 CST" name="createPermission" finished-at="2022-11-29T09:56:29 CST" duration-ms="28950" status="PASS">
          <reporter-output>
          </reporter-output>
        </test-method> <!-- createPermission -->
        <test-method is-config="true" signature="closeDriver()[pri:0, instance:Bai9SetupTestNG.RunTestold@6b19b79]" started-at="2022-11-29T09:56:29 CST" name="closeDriver" finished-at="2022-11-29T09:56:31 CST" duration-ms="2198" status="PASS">
          <reporter-output>
          </reporter-output>
        </test-method> <!-- closeDriver -->
        <test-method is-config="true" signature="createDriver()[pri:0, instance:Bai9SetupTestNG.RunTestold@6b19b79]" started-at="2022-11-29T09:56:31 CST" name="createDriver" finished-at="2022-11-29T09:56:32 CST" duration-ms="784" status="PASS">
          <reporter-output>
          </reporter-output>
        </test-method> <!-- createDriver -->
        <test-method signature="deletePermission()[pri:0, instance:Bai9SetupTestNG.RunTestold@6b19b79]" started-at="2022-11-29T09:56:32 CST" name="deletePermission" finished-at="2022-11-29T09:56:56 CST" duration-ms="23435" status="PASS">
          <reporter-output>
          </reporter-output>
        </test-method> <!-- deletePermission -->
        <test-method is-config="true" signature="closeDriver()[pri:0, instance:Bai9SetupTestNG.RunTestold@6b19b79]" started-at="2022-11-29T09:56:56 CST" name="closeDriver" finished-at="2022-11-29T09:56:58 CST" duration-ms="2186" status="PASS">
          <reporter-output>
          </reporter-output>
        </test-method> <!-- closeDriver -->
        <test-method is-config="true" signature="createDriver()[pri:0, instance:Bai9SetupTestNG.RunTestold@6b19b79]" started-at="2022-11-29T09:56:58 CST" name="createDriver" finished-at="2022-11-29T09:56:59 CST" duration-ms="771" status="PASS">
          <reporter-output>
          </reporter-output>
        </test-method> <!-- createDriver -->
        <test-method signature="loginSalary()[pri:0, instance:Bai9SetupTestNG.RunTestold@6b19b79]" started-at="2022-11-29T09:56:59 CST" name="loginSalary" finished-at="2022-11-29T09:57:15 CST" duration-ms="16576" status="PASS">
          <reporter-output>
          </reporter-output>
        </test-method> <!-- loginSalary -->
        <test-method is-config="true" signature="closeDriver()[pri:0, instance:Bai9SetupTestNG.RunTestold@6b19b79]" started-at="2022-11-29T09:57:15 CST" name="closeDriver" finished-at="2022-11-29T09:57:17 CST" duration-ms="2012" status="PASS">
          <reporter-output>
          </reporter-output>
        </test-method> <!-- closeDriver -->
      </class> <!-- Bai9SetupTestNG.RunTestold -->
    </test> <!-- SeleniumMaven -->
  </suite> <!-- Default Suite -->
</testng-results>
